#
# A fatal error has been detected by the Java Runtime Environment:
#
#  EXCEPTION_ACCESS_VIOLATION (0xc0000005) at pc=0x00000001800087dd, pid=19664, tid=0x0000000000004e5c
#
# JRE version: Java(TM) SE Runtime Environment (8.0_111-b14) (build 1.8.0_111-b14)
# Java VM: Java HotSpot(TM) 64-Bit Server VM (25.111-b14 mixed mode windows-amd64 compressed oops)
# Problematic frame:
# C  [rxtxSerial.dll+0x87dd]
#
# Failed to write core dump. Minidumps are not enabled by default on client versions of Windows
#
# If you would like to submit a bug report, please visit:
#   http://bugreport.java.com/bugreport/crash.jsp
# The crash happened outside the Java Virtual Machine in native code.
# See problematic frame for where to report the bug.
#

---------------  T H R E A D  ---------------

Current thread (0x000000001a182000):  JavaThread "SwingWorker-pool-1-thread-1" daemon [_thread_in_native, id=20060, stack(0x000000001c510000,0x000000001c610000)]

siginfo: ExceptionCode=0xc0000005, writing address 0x0000000000000100

Registers:
RAX=0x0000000000000000, RBX=0x000000001c8c0f10, RCX=0x0000000000000002, RDX=0x0000000000000000
RSP=0x000000001c60e940, RBP=0x000000001c60ebb8, RSI=0x000000001a1ae51b, RDI=0x000000001c8c63c0
R8 =0x0000000000000000, R9 =0x0000000000000000, R10=0x0000000000000000, R11=0x0000000000000001
R12=0x000000001c60ebc0, R13=0x000000001b705150, R14=0x000000001c60ebc0, R15=0x000000001a182000
RIP=0x00000001800087dd, EFLAGS=0x0000000000010202

Top of Stack: (sp=0x000000001c60e940)
0x000000001c60e940:   000000001c8c0f10 000000001a1ae510
0x000000001c60e950:   000000001a182000 000000000000000b
0x000000001c60e960:   000000001a1ae510 000000018000aab4
0x000000001c60e970:   000000001a1821f8 0000000000000106
0x000000001c60e980:   000000001b705150 000000001c60ebc0
0x000000001c60e990:   000000001a0a4210 000000001a1ae510
0x000000001c60e9a0:   000000001c60ebb8 000000018000b7fe
0x000000001c60e9b0:   000000000000000a 000000001b705150
0x000000001c60e9c0:   000000001a1821f8 0000000000000000
0x000000001c60e9d0:   000000001a182000 0000000000000000
0x000000001c60e9e0:   000052bf954542c9 000000007fffffda
0x000000001c60e9f0:   000000001c60ea80 0000000000000042
0x000000001c60ea00:   000000001a1821f8 0000000000000000
0x000000001c60ea10:   000000001a1ae510 000000018000213d
0x000000001c60ea20:   000000001c60ebb8 000000018001c0b0
0x000000001c60ea30:   0000000000000000 0000000180000000 

Instructions: (pc=0x00000001800087dd)
0x00000001800087bd:   00 00 7e 3d 48 8b 87 08 01 00 00 48 89 bb 00 01
0x00000001800087cd:   00 00 48 89 83 08 01 00 00 48 8b 87 08 01 00 00
0x00000001800087dd:   48 89 98 00 01 00 00 48 89 9f 08 01 00 00 48 8b
0x00000001800087ed:   c3 48 8b 5c 24 30 48 8b 74 24 38 48 83 c4 20 5f 


Register to memory mapping:

RAX=0x0000000000000000 is an unknown value
RBX=0x000000001c8c0f10 is an unknown value
RCX=0x0000000000000002 is an unknown value
RDX=0x0000000000000000 is an unknown value
RSP=0x000000001c60e940 is pointing into the stack for thread: 0x000000001a182000
RBP=0x000000001c60ebb8 is pointing into the stack for thread: 0x000000001a182000
RSI=0x000000001a1ae51b is an unknown value
RDI=0x000000001c8c63c0 is an unknown value
R8 =0x0000000000000000 is an unknown value
R9 =0x0000000000000000 is an unknown value
R10=0x0000000000000000 is an unknown value
R11=0x0000000000000001 is an unknown value
R12=0x000000001c60ebc0 is pointing into the stack for thread: 0x000000001a182000
R13=0x000000001b705150 is pointing into metadata
R14=0x000000001c60ebc0 is pointing into the stack for thread: 0x000000001a182000
R15=0x000000001a182000 is a thread


Stack: [0x000000001c510000,0x000000001c610000],  sp=0x000000001c60e940,  free space=1018k
Native frames: (J=compiled Java code, j=interpreted, Vv=VM code, C=native code)
C  [rxtxSerial.dll+0x87dd]
C  [rxtxSerial.dll+0xaab4]
C  [rxtxSerial.dll+0x213d]
C  0x0000000003398a77

Java frames: (J=compiled Java code, j=interpreted, Vv=VM code)
j  gnu.io.RXTXPort.open(Ljava/lang/String;)I+0
j  gnu.io.RXTXPort.<init>(Ljava/lang/String;)V+125
j  gnu.io.RXTXCommDriver.getCommPort(Ljava/lang/String;I)Lgnu/io/CommPort;+78
j  gnu.io.CommPortIdentifier.open(Ljava/lang/String;I)Lgnu/io/CommPort;+171
j  com.itvillage.modem.checker.CommTest.getPorts()Ljava/util/List;+123
j  com.itvillage.modem.checker.ModemUtils.getActivePorts()Ljava/util/List;+0
j  com.itvillage.modem.checker.Modem.getActiveModemsPorts()Ljava/util/List;+21
j  com.itvillage.modem.checker.Modem.getActivePortsList()Ljava/util/List;+0
j  com.itvillage.modem.checker.Home.getSIMOperatorInfo()V+0
j  com.itvillage.modem.checker.Home.checkModem()V+20
j  com.itvillage.modem.checker.Home.access$100(Lcom/itvillage/modem/checker/Home;)V+1
j  com.itvillage.modem.checker.Home$2.doInBackground()Ljava/lang/Void;+4
j  com.itvillage.modem.checker.Home$2.doInBackground()Ljava/lang/Object;+1
j  javax.swing.SwingWorker$1.call()Ljava/lang/Object;+14
j  java.util.concurrent.FutureTask.run()V+42
j  javax.swing.SwingWorker.run()V+4
j  java.util.concurrent.ThreadPoolExecutor.runWorker(Ljava/util/concurrent/ThreadPoolExecutor$Worker;)V+95
j  java.util.concurrent.ThreadPoolExecutor$Worker.run()V+5
j  java.lang.Thread.run()V+11
v  ~StubRoutines::call_stub

---------------  P R O C E S S  ---------------

Java Threads: ( => current thread )
  0x000000001a1a4000 JavaThread "Thread-3" daemon [_thread_in_native, id=9012, stack(0x000000001c8d0000,0x000000001c9d0000)]
  0x000000001a1aa000 JavaThread "SwingWorker-pool-1-thread-2" daemon [_thread_blocked, id=11112, stack(0x000000001c710000,0x000000001c810000)]
  0x000000001a18b000 JavaThread "TimerQueue" daemon [_thread_blocked, id=20624, stack(0x000000001c610000,0x000000001c710000)]
=>0x000000001a182000 JavaThread "SwingWorker-pool-1-thread-1" daemon [_thread_in_native, id=20060, stack(0x000000001c510000,0x000000001c610000)]
  0x0000000003281000 JavaThread "DestroyJavaVM" [_thread_blocked, id=13208, stack(0x0000000003180000,0x0000000003280000)]
  0x000000001a00c000 JavaThread "AWT-EventQueue-0" [_thread_blocked, id=17908, stack(0x000000001abe0000,0x000000001ace0000)]
  0x000000001a005800 JavaThread "AWT-Windows" daemon [_thread_in_native, id=19936, stack(0x000000001a990000,0x000000001aa90000)]
  0x000000001a003000 JavaThread "AWT-Shutdown" [_thread_blocked, id=20528, stack(0x000000001a890000,0x000000001a990000)]
  0x000000001a001000 JavaThread "Java2D Disposer" daemon [_thread_blocked, id=13768, stack(0x000000001a790000,0x000000001a890000)]
  0x0000000017f4a000 JavaThread "Service Thread" daemon [_thread_blocked, id=2140, stack(0x0000000019c50000,0x0000000019d50000)]
  0x0000000017f3a800 JavaThread "C1 CompilerThread2" daemon [_thread_blocked, id=19068, stack(0x0000000019750000,0x0000000019850000)]
  0x0000000017ef2800 JavaThread "C2 CompilerThread1" daemon [_thread_blocked, id=17976, stack(0x0000000019650000,0x0000000019750000)]
  0x0000000017eee000 JavaThread "C2 CompilerThread0" daemon [_thread_blocked, id=7148, stack(0x0000000019550000,0x0000000019650000)]
  0x0000000017eea800 JavaThread "Attach Listener" daemon [_thread_blocked, id=18816, stack(0x0000000019450000,0x0000000019550000)]
  0x0000000017ee9800 JavaThread "Signal Dispatcher" daemon [_thread_blocked, id=19176, stack(0x0000000019350000,0x0000000019450000)]
  0x0000000017ed8800 JavaThread "Finalizer" daemon [_thread_blocked, id=20236, stack(0x0000000019150000,0x0000000019250000)]
  0x0000000003371000 JavaThread "Reference Handler" daemon [_thread_blocked, id=19448, stack(0x0000000019050000,0x0000000019150000)]

Other Threads:
  0x0000000017eb6800 VMThread [stack: 0x0000000018f50000,0x0000000019050000] [id=13500]
  0x0000000017f4d000 WatcherThread [stack: 0x0000000019d50000,0x0000000019e50000] [id=20468]

VM state:not at safepoint (normal execution)

VM Mutex/Monitor currently owned by a thread: None

Heap:
 PSYoungGen      total 38400K, used 13200K [0x00000000d5c00000, 0x00000000d8680000, 0x0000000100000000)
  eden space 33280K, 39% used [0x00000000d5c00000,0x00000000d68e4010,0x00000000d7c80000)
  from space 5120K, 0% used [0x00000000d8180000,0x00000000d8180000,0x00000000d8680000)
  to   space 5120K, 0% used [0x00000000d7c80000,0x00000000d7c80000,0x00000000d8180000)
 ParOldGen       total 87552K, used 0K [0x0000000081400000, 0x0000000086980000, 0x00000000d5c00000)
  object space 87552K, 0% used [0x0000000081400000,0x0000000081400000,0x0000000086980000)
 Metaspace       used 10718K, capacity 10958K, committed 11136K, reserved 1058816K
  class space    used 1283K, capacity 1391K, committed 1408K, reserved 1048576K

Card table byte_map: [0x0000000012740000,0x0000000012b40000] byte_map_base: 0x0000000012336000

Marking Bits: (ParMarkBitMap*) 0x000000005e50a6c0
 Begin Bits: [0x00000000131f0000, 0x00000000151a0000)
 End Bits:   [0x00000000151a0000, 0x0000000017150000)

Polling page: 0x0000000001870000

CodeCache: size=245760Kb used=2438Kb max_used=2438Kb free=243321Kb
 bounds [0x0000000003380000, 0x00000000035f0000, 0x0000000012380000]
 total_blobs=1140 nmethods=661 adapters=392
 compilation: enabled

Compilation events (10 events):
Event: 26.067 Thread 0x0000000017f3a800  656       3       java.lang.ClassLoader::getClassLoadingLock (35 bytes)
Event: 26.067 Thread 0x0000000017f3a800 nmethod 656 0x00000000035dc2d0 code [0x00000000035dc440, 0x00000000035dc808]
Event: 26.084 Thread 0x0000000017f3a800  658       1       java.net.URL::getQuery (5 bytes)
Event: 26.084 Thread 0x0000000017f3a800 nmethod 658 0x00000000035dc010 code [0x00000000035dc160, 0x00000000035dc270]
Event: 28.034 Thread 0x0000000017f3a800  659       3       java.nio.ByteBuffer::arrayOffset (35 bytes)
Event: 28.035 Thread 0x0000000017f3a800 nmethod 659 0x00000000035dda90 code [0x00000000035ddc20, 0x00000000035ddf38]
Event: 28.035 Thread 0x0000000017f3a800  660       1       java.util.Formatter$Flags::valueOf (5 bytes)
Event: 28.035 Thread 0x0000000017f3a800 nmethod 660 0x00000000035dbd50 code [0x00000000035dbea0, 0x00000000035dbfb0]
Event: 28.035 Thread 0x0000000017f3a800  661       3       java.nio.CharBuffer::arrayOffset (35 bytes)
Event: 28.036 Thread 0x0000000017f3a800 nmethod 661 0x00000000035dd490 code [0x00000000035dd620, 0x00000000035dd938]

GC Heap History (0 events):
No events

Deoptimization events (1 events):
Event: 0.164 Thread 0x000000001a00c000 Uncommon trap: reason=null_check action=make_not_entrant pc=0x00000000034f231c method=java.lang.String.equals(Ljava/lang/Object;)Z @ 8

Internal exceptions (10 events):
Event: 0.106 Thread 0x0000000003281000 Exception <a 'java/lang/NoSuchFieldError': method resolution failed> (0x00000000d5e1dc90) thrown at [C:\re\workspace\8-2-build-windows-amd64-cygwin\jdk8u111\7883\hotspot\src\share\vm\prims\methodHandles.cpp, line 1146]
Event: 0.107 Thread 0x0000000003281000 Exception <a 'java/lang/NoSuchFieldError': method resolution failed> (0x00000000d5e2b338) thrown at [C:\re\workspace\8-2-build-windows-amd64-cygwin\jdk8u111\7883\hotspot\src\share\vm\prims\methodHandles.cpp, line 1146]
Event: 0.150 Thread 0x000000001a00c000 Exception <a 'java/io/FileNotFoundException'> (0x00000000d5ff3908) thrown at [C:\re\workspace\8-2-build-windows-amd64-cygwin\jdk8u111\7883\hotspot\src\share\vm\prims\jni.cpp, line 709]
Event: 0.164 Thread 0x000000001a00c000 Implicit null exception at 0x00000000034f215b to 0x00000000034f230d
Event: 1.462 Thread 0x000000001a182000 Exception <a 'java/io/FileNotFoundException'> (0x00000000d65537e0) thrown at [C:\re\workspace\8-2-build-windows-amd64-cygwin\jdk8u111\7883\hotspot\src\share\vm\prims\jni.cpp, line 709]
Event: 9.660 Thread 0x000000001a182000 Exception <a 'java/io/FileNotFoundException'> (0x00000000d6569f88) thrown at [C:\re\workspace\8-2-build-windows-amd64-cygwin\jdk8u111\7883\hotspot\src\share\vm\prims\jni.cpp, line 709]
Event: 9.662 Thread 0x000000001a182000 Exception <a 'java/io/FileNotFoundException'> (0x00000000d657c618) thrown at [C:\re\workspace\8-2-build-windows-amd64-cygwin\jdk8u111\7883\hotspot\src\share\vm\prims\jni.cpp, line 709]
Event: 17.860 Thread 0x000000001a182000 Exception <a 'java/io/FileNotFoundException'> (0x00000000d6592890) thrown at [C:\re\workspace\8-2-build-windows-amd64-cygwin\jdk8u111\7883\hotspot\src\share\vm\prims\jni.cpp, line 709]
Event: 17.861 Thread 0x000000001a1aa000 Exception <a 'java/io/FileNotFoundException'> (0x00000000d65a4a58) thrown at [C:\re\workspace\8-2-build-windows-amd64-cygwin\jdk8u111\7883\hotspot\src\share\vm\prims\jni.cpp, line 709]
Event: 26.060 Thread 0x000000001a1aa000 Exception <a 'java/io/FileNotFoundException'> (0x00000000d65bacd0) thrown at [C:\re\workspace\8-2-build-windows-amd64-cygwin\jdk8u111\7883\hotspot\src\share\vm\prims\jni.cpp, line 709]

Events (10 events):
Event: 26.065 loading class gnu/io/UnSupportedLoggerException done
Event: 26.065 loading class java/lang/NumberFormatException
Event: 26.065 loading class java/lang/NumberFormatException done
Event: 26.066 loading class java/lang/IndexOutOfBoundsException
Event: 26.067 loading class java/lang/IndexOutOfBoundsException done
Event: 26.083 loading class gnu/io/RXTXPort$MonitorThread
Event: 26.083 loading class gnu/io/RXTXPort$MonitorThread done
Event: 26.084 Thread 0x000000001a183000 Thread added: 0x000000001a183000
Event: 28.041 Thread 0x000000001a1a4000 Thread added: 0x000000001a1a4000
Event: 29.116 Thread 0x000000001a183000 Thread exited: 0x000000001a183000


Dynamic libraries:
0x00007ff770d50000 - 0x00007ff770d87000 	C:\Program Files\Java\jdk1.8.0_111\bin\java.exe
0x00007ffd54560000 - 0x00007ffd54750000 	C:\WINDOWS\SYSTEM32\ntdll.dll
0x00007ffd53810000 - 0x00007ffd538c2000 	C:\WINDOWS\System32\KERNEL32.DLL
0x00007ffd52360000 - 0x00007ffd52604000 	C:\WINDOWS\System32\KERNELBASE.dll
0x00007ffd53d10000 - 0x00007ffd53db3000 	C:\WINDOWS\System32\ADVAPI32.dll
0x00007ffd53a50000 - 0x00007ffd53aee000 	C:\WINDOWS\System32\msvcrt.dll
0x00007ffd542c0000 - 0x00007ffd54357000 	C:\WINDOWS\System32\sechost.dll
0x00007ffd54390000 - 0x00007ffd544b0000 	C:\WINDOWS\System32\RPCRT4.dll
0x00007ffd53b70000 - 0x00007ffd53d04000 	C:\WINDOWS\System32\USER32.dll
0x00007ffd51a60000 - 0x00007ffd51a81000 	C:\WINDOWS\System32\win32u.dll
0x00007ffd54360000 - 0x00007ffd54386000 	C:\WINDOWS\System32\GDI32.dll
0x00007ffd516e0000 - 0x00007ffd51875000 	C:\WINDOWS\System32\gdi32full.dll
0x00007ffd515f0000 - 0x00007ffd5168e000 	C:\WINDOWS\System32\msvcp_win.dll
0x00007ffd514f0000 - 0x00007ffd515ea000 	C:\WINDOWS\System32\ucrtbase.dll
0x00007ffd3e1a0000 - 0x00007ffd3e424000 	C:\WINDOWS\WinSxS\amd64_microsoft.windows.common-controls_6595b64144ccf1df_6.0.18362.900_none_e6beb9d913147d17\COMCTL32.dll
0x00007ffd533b0000 - 0x00007ffd536e5000 	C:\WINDOWS\System32\combase.dll
0x00007ffd51930000 - 0x00007ffd519b0000 	C:\WINDOWS\System32\bcryptPrimitives.dll
0x00007ffd53070000 - 0x00007ffd5309e000 	C:\WINDOWS\System32\IMM32.DLL
0x000000005e590000 - 0x000000005e662000 	C:\Program Files\Java\jdk1.8.0_111\jre\bin\msvcr100.dll
0x000000005dcf0000 - 0x000000005e58a000 	C:\Program Files\Java\jdk1.8.0_111\jre\bin\server\jvm.dll
0x00007ffd530a0000 - 0x00007ffd530a8000 	C:\WINDOWS\System32\PSAPI.DLL
0x00007ffd4f000000 - 0x00007ffd4f024000 	C:\WINDOWS\SYSTEM32\WINMM.dll
0x00007ffd39f40000 - 0x00007ffd39f49000 	C:\WINDOWS\SYSTEM32\WSOCK32.dll
0x00007ffd544b0000 - 0x00007ffd5451f000 	C:\WINDOWS\System32\WS2_32.dll
0x00007ffd4edd0000 - 0x00007ffd4edfd000 	C:\WINDOWS\SYSTEM32\WINMMBASE.dll
0x00007ffd51690000 - 0x00007ffd516da000 	C:\WINDOWS\System32\cfgmgr32.dll
0x00007ffd4cb90000 - 0x00007ffd4cb9a000 	C:\WINDOWS\SYSTEM32\VERSION.dll
0x000000005dce0000 - 0x000000005dcef000 	C:\Program Files\Java\jdk1.8.0_111\jre\bin\verify.dll
0x000000005dcb0000 - 0x000000005dcd9000 	C:\Program Files\Java\jdk1.8.0_111\jre\bin\java.dll
0x000000005dc90000 - 0x000000005dca6000 	C:\Program Files\Java\jdk1.8.0_111\jre\bin\zip.dll
0x00007ffd527d0000 - 0x00007ffd52eb6000 	C:\WINDOWS\System32\SHELL32.dll
0x00007ffd53760000 - 0x00007ffd53809000 	C:\WINDOWS\System32\shcore.dll
0x00007ffd51a90000 - 0x00007ffd52210000 	C:\WINDOWS\System32\windows.storage.dll
0x00007ffd514c0000 - 0x00007ffd514e3000 	C:\WINDOWS\System32\profapi.dll
0x00007ffd51430000 - 0x00007ffd5147a000 	C:\WINDOWS\System32\powrprof.dll
0x00007ffd51420000 - 0x00007ffd51430000 	C:\WINDOWS\System32\UMPDC.dll
0x00007ffd52710000 - 0x00007ffd52762000 	C:\WINDOWS\System32\shlwapi.dll
0x00007ffd51480000 - 0x00007ffd51491000 	C:\WINDOWS\System32\kernel.appcore.dll
0x00007ffd519b0000 - 0x00007ffd519c7000 	C:\WINDOWS\System32\cryptsp.dll
0x000000005dab0000 - 0x000000005dc48000 	C:\Program Files\Java\jdk1.8.0_111\jre\bin\awt.dll
0x00007ffd52640000 - 0x00007ffd52705000 	C:\WINDOWS\System32\OLEAUT32.dll
0x00007ffd4f6a0000 - 0x00007ffd4f72f000 	C:\WINDOWS\SYSTEM32\apphelp.dll
0x00007ffd4f9c0000 - 0x00007ffd4fa59000 	C:\WINDOWS\system32\uxtheme.dll
0x00007ffd53270000 - 0x00007ffd533a5000 	C:\WINDOWS\System32\MSCTF.dll
0x00007ffd530b0000 - 0x00007ffd53207000 	C:\WINDOWS\System32\ole32.dll
0x00007ffd4fc90000 - 0x00007ffd4fcbd000 	C:\WINDOWS\system32\DWMAPI.DLL
0x000000005da20000 - 0x000000005da67000 	C:\Program Files\Java\jdk1.8.0_111\jre\bin\fontmanager.dll
0x000000005dc70000 - 0x000000005dc8a000 	C:\Program Files\Java\jdk1.8.0_111\jre\bin\net.dll
0x00007ffd50be0000 - 0x00007ffd50c47000 	C:\WINDOWS\system32\mswsock.dll
0x000000005dc50000 - 0x000000005dc61000 	C:\Program Files\Java\jdk1.8.0_111\jre\bin\nio.dll
0x000000005d9d0000 - 0x000000005da12000 	C:\Program Files\Java\jdk1.8.0_111\jre\bin\t2k.dll
0x00007ffd441f0000 - 0x00007ffd4428e000 	C:\WINDOWS\System32\TextInputFramework.dll
0x00007ffd4b720000 - 0x00007ffd4ba4a000 	C:\WINDOWS\System32\CoreUIComponents.dll
0x00007ffd4f030000 - 0x00007ffd4f104000 	C:\WINDOWS\System32\CoreMessaging.dll
0x00007ffd50440000 - 0x00007ffd50471000 	C:\WINDOWS\SYSTEM32\ntmarta.dll
0x00007ffd4ca30000 - 0x00007ffd4cb83000 	C:\WINDOWS\SYSTEM32\wintypes.dll
0x00007ffd443f0000 - 0x00007ffd44696000 	C:\WINDOWS\System32\iertutil.dll
0x0000000180000000 - 0x0000000180025000 	C:\Program Files\Java\jdk1.8.0_111\jre\bin\rxtxSerial.dll
0x00007ffd3c810000 - 0x00007ffd3ca04000 	C:\WINDOWS\SYSTEM32\dbghelp.dll

VM Arguments:
jvm_args: -Dfile.encoding=UTF-8 
java_command: com.itvillage.modem.checker.Home
java_class_path (initial): D:\Project\Java GUI\Modem Checker\lib\RXTXcomm.jar;D:\Project\Java GUI\Modem Checker\lib\rxtx-comm.jar;D:\Project\Java GUI\Modem Checker\build\classes
Launcher Type: SUN_STANDARD

Environment Variables:
JAVA_HOME=C:\Program Files\Java\jdk1.8.0_111
PATH=C:\Program Files (x86)\Common Files\Oracle\Java\javapath;C:\WINDOWS\system32;C:\WINDOWS;C:\WINDOWS\System32\Wbem;C:\WINDOWS\System32\WindowsPowerShell\v1.0\;C:\Program Files\Git\cmd;C:\Program Files\apache-maven-3.6.2\bin;C:\Program Files\nodejs\;C:\WINDOWS\System32\OpenSSH\;C:\Users\monirozzamanroni\AppData\Local\Programs\Python\Python37\Scripts\;C:\Program Files\Java\jdk1.8.0_111\bin;C:\Program Files\Docker\Docker\resources\bin;C:\ProgramData\DockerDesktop\version-bin;C:\Users\monirozzamanroni\AppData\Roaming\npm;C:\Users\monirozzamanroni\AppData\Local\Microsoft\WindowsApps;C:\Program Files (x86)\Inno Setup 6
USERNAME=monirozzamanroni
OS=Windows_NT
PROCESSOR_IDENTIFIER=Intel64 Family 6 Model 158 Stepping 9, GenuineIntel



---------------  S Y S T E M  ---------------

OS: Windows 10.0 , 64 bit Build 18362 (10.0.18362.900)

CPU:total 4 (4 cores per cpu, 1 threads per core) family 6 model 158 stepping 9, cmov, cx8, fxsr, mmx, sse, sse2, sse3, ssse3, sse4.1, sse4.2, popcnt, avx, avx2, aes, clmul, erms, rtm, 3dnowpref, lzcnt, tsc, tscinvbit, bmi1, bmi2, adx

Memory: 4k page, physical 8299840k(4287200k free), swap 15377728k(10639552k free)

vm_info: Java HotSpot(TM) 64-Bit Server VM (25.111-b14) for windows-amd64 JRE (1.8.0_111-b14), built on Sep 22 2016 19:24:05 by "java_re" with MS VC++ 10.0 (VS2010)

time: Sun Jul 05 15:25:18 2020
elapsed time: 29 seconds (0d 0h 0m 29s)

